Base path: C:/Program Files (x86)/Unity/Editor/Data
Pipe name: \\.\pipe\UnityShaderCompiler-1-12664
Cmd: getPlatforms
Cmd: preprocess
  insize=447 outsize=447 ok=1
Cmd: preprocess
  insize=1584 outsize=2245 ok=1
Cmd: preprocess
  insize=818 outsize=818 ok=1
Cmd: preprocess
  insize=1423 outsize=2190 ok=1
Cmd: preprocess
  insize=1048 outsize=887 ok=1
Cmd: compileSnippet
  api=1 type=0 insize=4871 outsize=595 kw=DIRECTIONAL SHADOWS_OFF LIGHTMAP_OFF DIRLIGHTMAP_OFF ok=1
Cmd: compileSnippet
  api=1 type=1 insize=4871 outsize=345 kw=DIRECTIONAL SHADOWS_OFF LIGHTMAP_OFF DIRLIGHTMAP_OFF ok=1
Cmd: compileSnippet
  api=1 type=0 insize=2847 outsize=383 kw=POINT ok=1
Cmd: compileSnippet
  api=1 type=1 insize=2847 outsize=538 kw=POINT ok=1
Cmd: preprocess
  insize=472 outsize=472 ok=1
Cmd: preprocess
  insize=835 outsize=835 ok=1
Cmd: preprocess
  insize=730 outsize=730 ok=1
Cmd: preprocess
  insize=608 outsize=608 ok=1
Cmd: preprocess
  insize=1576 outsize=991 ok=1
Cmd: compileSnippet
  api=1 type=0 insize=867 outsize=316 kw= ok=1
Cmd: compileSnippet
  api=1 type=1 insize=867 outsize=29 kw= ok=1
Cmd: compileSnippet
  api=1 type=0 insize=834 outsize=316 kw= ok=1
Cmd: preprocess
  insize=2970 outsize=1659 ok=1
Cmd: compileSnippet
  api=1 type=0 insize=1617 outsize=378 kw= ok=1
Cmd: compileSnippet
  api=1 type=1 insize=1617 outsize=626 kw= ok=1
Cmd: preprocess
  insize=1189 outsize=403 ok=1
Cmd: compileSnippet
  api=1 type=0 insize=1088 outsize=246 kw= ok=1
Cmd: compileSnippet
  api=1 type=1 insize=1088 outsize=185 kw= ok=1
Cmd: preprocess
  insize=1153 outsize=392 ok=1
Cmd: compileSnippet
  api=1 type=0 insize=1063 outsize=246 kw= ok=1
Cmd: compileSnippet
  api=1 type=1 insize=1063 outsize=294 kw= ok=1
Cmd: preprocess
  insize=1355 outsize=1355 ok=1
Cmd: preprocess
  insize=316 outsize=316 ok=1
Cmd: preprocess
  insize=1500 outsize=667 ok=1
Cmd: compileSnippet
  api=1 type=0 insize=1135 outsize=272 kw= ok=1
Cmd: compileSnippet
  api=1 type=1 insize=1135 outsize=192 kw= ok=1
Cmd: preprocess
  insize=634 outsize=634 ok=1
Cmd: preprocess
  insize=963 outsize=963 ok=1
Cmd: preprocess
  insize=1725 outsize=1007 ok=1
Cmd: compileSnippet
  api=1 type=0 insize=1020 outsize=171 kw= ok=1
Cmd: compileSnippet
  api=1 type=1 insize=1020 outsize=141 kw= ok=1
